2025-08-22 10:37:51.952 - INFO: [logger.js:246:9] service loader called.
2025-08-22 10:37:51.977 - INFO: [logger.js:246:9] controller loader called.
2025-08-22 10:37:51.977 - DEBUG: [logger.js:246:9] external_loader called.
2025-08-22 10:37:51.977 - DEBUG: [logger.js:246:9] No external configuration.
2025-08-22 10:37:52.378 - INFO: [logger.js:246:9] Http Server started.
2025-08-22 10:37:52.379 - INFO: [logger.js:246:9] Base URL -> http://localhost:8001
2025-08-22 10:37:52.379 - INFO: [logger.js:246:9] Namespace -> ::_8001_5216
2025-08-22 10:37:52.384 - DEBUG: [logger.js:246:9] database SQL file loaded.
2025-08-22 10:38:13.737 - DEBUG: [logger.js:246:9] GET /person/list3 requested
2025-08-22 10:38:13.739 - DEBUG: [logger.js:246:9] PARAMS -> {}
2025-08-22 10:41:56.515 - INFO: [logger.js:246:9] service loader called.
2025-08-22 10:41:56.537 - INFO: [logger.js:246:9] controller loader called.
2025-08-22 10:41:56.538 - DEBUG: [logger.js:246:9] external_loader called.
2025-08-22 10:41:56.538 - DEBUG: [logger.js:246:9] No external configuration.
2025-08-22 10:41:56.905 - INFO: [logger.js:246:9] Http Server started.
2025-08-22 10:41:56.906 - INFO: [logger.js:246:9] Base URL -> http://localhost:8001
2025-08-22 10:41:56.906 - INFO: [logger.js:246:9] Namespace -> ::_8001_13004
2025-08-22 10:41:56.911 - DEBUG: [logger.js:246:9] database SQL file loaded.
2025-08-22 10:42:03.248 - DEBUG: [logger.js:246:9] GET /person/list3 requested
2025-08-22 10:42:03.250 - DEBUG: [logger.js:246:9] PARAMS -> {}
2025-08-22 10:42:36.251 - DEBUG: [logger.js:246:9] POST /person/list3 requested
2025-08-22 10:42:36.251 - DEBUG: [logger.js:246:9] PARAMS -> {}
2025-08-22 10:46:41.978 - INFO: [logger.js:246:9] service loader called.
2025-08-22 10:46:42.001 - INFO: [logger.js:246:9] controller loader called.
2025-08-22 10:46:42.002 - DEBUG: [logger.js:246:9] external_loader called.
2025-08-22 10:46:42.002 - DEBUG: [logger.js:246:9] No external configuration.
2025-08-22 10:46:42.336 - INFO: [logger.js:246:9] Http Server started.
2025-08-22 10:46:42.337 - INFO: [logger.js:246:9] Base URL -> http://localhost:8001
2025-08-22 10:46:42.337 - INFO: [logger.js:246:9] Namespace -> ::_8001_38304
2025-08-22 10:46:42.342 - DEBUG: [logger.js:246:9] database SQL file loaded.
2025-08-22 10:50:32.474 - INFO: [logger.js:246:9] service loader called.
2025-08-22 10:50:32.495 - INFO: [logger.js:246:9] controller loader called.
2025-08-22 10:50:32.496 - DEBUG: [logger.js:246:9] external_loader called.
2025-08-22 10:50:32.496 - DEBUG: [logger.js:246:9] No external configuration.
2025-08-22 10:50:32.799 - INFO: [logger.js:246:9] Http Server started.
2025-08-22 10:50:32.800 - INFO: [logger.js:246:9] Base URL -> http://localhost:8001
2025-08-22 10:50:32.800 - INFO: [logger.js:246:9] Namespace -> ::_8001_40692
2025-08-22 10:50:32.804 - DEBUG: [logger.js:246:9] database SQL file loaded.
2025-08-22 10:51:16.403 - INFO: [logger.js:246:9] service loader called.
2025-08-22 10:51:16.423 - INFO: [logger.js:246:9] controller loader called.
2025-08-22 10:51:16.424 - DEBUG: [logger.js:246:9] external_loader called.
2025-08-22 10:51:16.424 - DEBUG: [logger.js:246:9] No external configuration.
2025-08-22 10:51:16.735 - INFO: [logger.js:246:9] Http Server started.
2025-08-22 10:51:16.736 - INFO: [logger.js:246:9] Base URL -> http://localhost:8001
2025-08-22 10:51:16.736 - INFO: [logger.js:246:9] Namespace -> ::_8001_39432
2025-08-22 10:51:16.741 - DEBUG: [logger.js:246:9] database SQL file loaded.
2025-08-22 10:51:24.535 - DEBUG: [logger.js:246:9] POST /person/list3 requested
2025-08-22 10:51:24.537 - DEBUG: [logger.js:246:9] PARAMS -> {}
2025-08-22 10:51:32.059 - DEBUG: [logger.js:246:9] POST /person/list3 requested
2025-08-22 10:51:32.059 - DEBUG: [logger.js:246:9] PARAMS -> {}
2025-08-22 10:51:42.251 - DEBUG: [logger.js:246:9] POST /person/list3 requested
2025-08-22 10:51:42.251 - DEBUG: [logger.js:246:9] PARAMS -> {"name":"고%"}
2025-08-22 10:54:19.236 - DEBUG: [logger.js:246:9] POST /person/list3 requested
2025-08-22 10:54:19.237 - DEBUG: [logger.js:246:9] PARAMS -> {"name":"고%"}
2025-08-22 10:55:27.476 - DEBUG: [logger.js:246:9] POST /person/list3 requested
2025-08-22 10:55:27.476 - DEBUG: [logger.js:246:9] PARAMS -> {"name":"고%"}
2025-08-22 10:55:41.706 - INFO: [logger.js:246:9] service loader called.
2025-08-22 10:55:41.726 - INFO: [logger.js:246:9] controller loader called.
2025-08-22 10:55:41.726 - DEBUG: [logger.js:246:9] external_loader called.
2025-08-22 10:55:41.727 - DEBUG: [logger.js:246:9] No external configuration.
2025-08-22 10:55:42.053 - INFO: [logger.js:246:9] Http Server started.
2025-08-22 10:55:42.054 - INFO: [logger.js:246:9] Base URL -> http://localhost:8001
2025-08-22 10:55:42.054 - INFO: [logger.js:246:9] Namespace -> ::_8001_36412
2025-08-22 10:55:42.059 - DEBUG: [logger.js:246:9] database SQL file loaded.
2025-08-22 11:01:06.109 - INFO: [logger.js:246:9] service loader called.
2025-08-22 11:01:06.131 - INFO: [logger.js:246:9] controller loader called.
2025-08-22 11:01:06.132 - DEBUG: [logger.js:246:9] external_loader called.
2025-08-22 11:01:06.132 - DEBUG: [logger.js:246:9] No external configuration.
2025-08-22 11:01:06.436 - INFO: [logger.js:246:9] Http Server started.
2025-08-22 11:01:06.437 - INFO: [logger.js:246:9] Base URL -> http://localhost:8001
2025-08-22 11:01:06.437 - INFO: [logger.js:246:9] Namespace -> ::_8001_15696
2025-08-22 11:01:06.441 - DEBUG: [logger.js:246:9] database SQL file loaded.
2025-08-22 11:01:32.080 - DEBUG: [logger.js:246:9] POST /person/list3 requested
2025-08-22 11:01:32.081 - DEBUG: [logger.js:246:9] PARAMS -> {"name":"고%"}
2025-08-22 11:01:32.190 - DEBUG: [logger.js:246:9] SQL -> select id, name, age, mobile
                from test.person
                where name like '고%'
2025-08-22 11:03:24.949 - INFO: [logger.js:246:9] service loader called.
2025-08-22 11:03:24.968 - INFO: [logger.js:246:9] controller loader called.
2025-08-22 11:03:24.968 - DEBUG: [logger.js:246:9] external_loader called.
2025-08-22 11:03:24.968 - DEBUG: [logger.js:246:9] No external configuration.
2025-08-22 11:03:25.271 - INFO: [logger.js:246:9] Http Server started.
2025-08-22 11:03:25.272 - INFO: [logger.js:246:9] Base URL -> http://localhost:8001
2025-08-22 11:03:25.272 - INFO: [logger.js:246:9] Namespace -> ::_8001_8964
2025-08-22 11:03:25.277 - DEBUG: [logger.js:246:9] database SQL file loaded.
2025-08-22 11:03:28.425 - DEBUG: [logger.js:246:9] POST /person/list3 requested
2025-08-22 11:03:28.426 - DEBUG: [logger.js:246:9] PARAMS -> {"name":"고%"}
2025-08-22 11:03:28.466 - DEBUG: [logger.js:246:9] SQL -> select id, name, age, mobile
                from test.person
                where namen like '고%'
2025-08-22 11:03:28.466 - DEBUG: [logger.js:246:9] Error in executing SQL -> Error: ER_BAD_FIELD_ERROR: Unknown column 'namen' in 'WHERE'
2025-08-22 11:36:01.475 - INFO: [logger.js:246:9] service loader called.
2025-08-22 11:36:01.497 - INFO: [logger.js:246:9] controller loader called.
2025-08-22 11:36:01.497 - DEBUG: [logger.js:246:9] external_loader called.
2025-08-22 11:36:01.498 - DEBUG: [logger.js:246:9] No external configuration.
2025-08-22 11:36:01.808 - INFO: [logger.js:246:9] Http Server started.
2025-08-22 11:36:01.809 - INFO: [logger.js:246:9] Base URL -> http://localhost:8001
2025-08-22 11:36:01.810 - INFO: [logger.js:246:9] Namespace -> ::_8001_27912
2025-08-22 11:36:01.815 - DEBUG: [logger.js:246:9] database SQL file loaded.
2025-08-22 11:36:08.645 - DEBUG: [logger.js:246:9] POST /person/list3 requested
2025-08-22 11:36:08.646 - DEBUG: [logger.js:246:9] PARAMS -> {"name":"고%"}
2025-08-22 11:36:08.685 - DEBUG: [logger.js:246:9] SQL -> select id, name, age, mobile
                from test.person
                where name like '고%'
2025-08-22 11:36:54.204 - INFO: [logger.js:246:9] service loader called.
2025-08-22 11:36:54.226 - INFO: [logger.js:246:9] controller loader called.
2025-08-22 11:36:54.227 - DEBUG: [logger.js:246:9] external_loader called.
2025-08-22 11:36:54.227 - DEBUG: [logger.js:246:9] No external configuration.
2025-08-22 11:36:54.526 - INFO: [logger.js:246:9] Http Server started.
2025-08-22 11:36:54.527 - INFO: [logger.js:246:9] Base URL -> http://localhost:8001
2025-08-22 11:36:54.528 - INFO: [logger.js:246:9] Namespace -> ::_8001_39252
2025-08-22 11:36:54.532 - DEBUG: [logger.js:246:9] database SQL file loaded.
2025-08-22 11:36:58.155 - DEBUG: [logger.js:246:9] POST /person/list3 requested
2025-08-22 11:36:58.156 - DEBUG: [logger.js:246:9] PARAMS -> {"name":"고%"}
2025-08-22 11:36:58.189 - DEBUG: [logger.js:246:9] SQL -> select id, name, age, mobile
                from test.person
                where name like '고%'
2025-08-22 11:39:28.014 - INFO: [logger.js:246:9] service loader called.
2025-08-22 11:39:28.033 - INFO: [logger.js:246:9] controller loader called.
2025-08-22 11:39:28.034 - DEBUG: [logger.js:246:9] external_loader called.
2025-08-22 11:39:28.034 - DEBUG: [logger.js:246:9] No external configuration.
2025-08-22 11:39:28.342 - INFO: [logger.js:246:9] Http Server started.
2025-08-22 11:39:28.342 - INFO: [logger.js:246:9] Base URL -> http://localhost:8001
2025-08-22 11:39:28.343 - INFO: [logger.js:246:9] Namespace -> ::_8001_20108
2025-08-22 11:39:28.347 - DEBUG: [logger.js:246:9] database SQL file loaded.
2025-08-22 11:39:31.403 - DEBUG: [logger.js:246:9] POST /person/list3 requested
2025-08-22 11:39:31.404 - DEBUG: [logger.js:246:9] PARAMS -> {"name":"고%"}
2025-08-22 11:39:31.437 - DEBUG: [logger.js:246:9] SQL -> select id, name, age, mobile
                from test.person
                where name like '고%'
2025-08-22 11:42:02.219 - INFO: [logger.js:246:9] service loader called.
2025-08-22 11:42:02.238 - INFO: [logger.js:246:9] controller loader called.
2025-08-22 11:42:02.238 - DEBUG: [logger.js:246:9] external_loader called.
2025-08-22 11:42:02.239 - DEBUG: [logger.js:246:9] No external configuration.
2025-08-22 11:42:02.562 - INFO: [logger.js:246:9] Http Server started.
2025-08-22 11:42:02.563 - INFO: [logger.js:246:9] Base URL -> http://localhost:8001
2025-08-22 11:42:02.564 - INFO: [logger.js:246:9] Namespace -> ::_8001_28848
2025-08-22 11:42:02.568 - DEBUG: [logger.js:246:9] database SQL file loaded.
2025-08-22 11:42:06.228 - DEBUG: [logger.js:246:9] POST /person/list3 requested
2025-08-22 11:42:06.229 - DEBUG: [logger.js:246:9] PARAMS -> {"name":"고%"}
2025-08-22 11:42:06.261 - DEBUG: [logger.js:246:9] SQL -> select id, name, age, mobile
                from test.person
                where name like '고%'
2025-08-22 11:44:44.633 - INFO: [logger.js:246:9] service loader called.
2025-08-22 11:44:44.652 - INFO: [logger.js:246:9] controller loader called.
2025-08-22 11:44:44.653 - DEBUG: [logger.js:246:9] external_loader called.
2025-08-22 11:44:44.653 - DEBUG: [logger.js:246:9] No external configuration.
2025-08-22 11:44:44.960 - INFO: [logger.js:246:9] Http Server started.
2025-08-22 11:44:44.961 - INFO: [logger.js:246:9] Base URL -> http://localhost:8001
2025-08-22 11:44:44.961 - INFO: [logger.js:246:9] Namespace -> ::_8001_40408
2025-08-22 11:44:44.967 - DEBUG: [logger.js:246:9] database SQL file loaded.
2025-08-22 11:44:47.970 - DEBUG: [logger.js:246:9] POST /person/list3 requested
2025-08-22 11:44:47.971 - DEBUG: [logger.js:246:9] PARAMS -> {"name":"고%"}
2025-08-22 11:44:48.004 - DEBUG: [logger.js:246:9] SQL -> select id, name, age, mobile
                from test.person
                where name like '고%'
2025-08-22 12:04:26.817 - INFO: [logger.js:246:9] service loader called.
2025-08-22 12:04:26.838 - INFO: [logger.js:246:9] controller loader called.
2025-08-22 12:04:26.839 - DEBUG: [logger.js:246:9] external_loader called.
2025-08-22 12:04:26.839 - DEBUG: [logger.js:246:9] No external configuration.
2025-08-22 12:04:27.158 - INFO: [logger.js:246:9] Http Server started.
2025-08-22 12:04:27.159 - INFO: [logger.js:246:9] Base URL -> http://localhost:8001
2025-08-22 12:04:27.160 - INFO: [logger.js:246:9] Namespace -> ::_8001_38380
2025-08-22 12:04:27.164 - DEBUG: [logger.js:246:9] database SQL file loaded.
2025-08-22 12:06:40.479 - INFO: [logger.js:246:9] service loader called.
2025-08-22 12:06:40.500 - INFO: [logger.js:246:9] controller loader called.
2025-08-22 12:06:40.500 - DEBUG: [logger.js:246:9] external_loader called.
2025-08-22 12:06:40.500 - DEBUG: [logger.js:246:9] No external configuration.
2025-08-22 12:06:40.820 - INFO: [logger.js:246:9] Http Server started.
2025-08-22 12:06:40.821 - INFO: [logger.js:246:9] Base URL -> http://localhost:8001
2025-08-22 12:06:40.822 - INFO: [logger.js:246:9] Namespace -> ::_8001_24652
2025-08-22 12:06:40.826 - DEBUG: [logger.js:246:9] database SQL file loaded.
2025-08-22 12:06:47.241 - DEBUG: [logger.js:246:9] POST /person/list4 requested
2025-08-22 12:06:47.242 - DEBUG: [logger.js:246:9] PARAMS -> {"name":"고%"}
2025-08-22 12:06:47.279 - DEBUG: [logger.js:246:9] SQL -> select id, name, age, mobile
                from test.person
                where name like '고%'
2025-08-22 12:06:57.391 - DEBUG: [logger.js:246:9] POST /person/list4 requested
2025-08-22 12:06:57.391 - DEBUG: [logger.js:246:9] PARAMS -> {"name":"고영%"}
2025-08-22 12:06:57.394 - DEBUG: [logger.js:246:9] SQL -> select id, name, age, mobile
                from test.person
                where name like '고영%'
2025-08-22 12:08:29.180 - INFO: [logger.js:246:9] service loader called.
2025-08-22 12:08:29.199 - INFO: [logger.js:246:9] controller loader called.
2025-08-22 12:08:29.199 - DEBUG: [logger.js:246:9] external_loader called.
2025-08-22 12:08:29.200 - DEBUG: [logger.js:246:9] No external configuration.
2025-08-22 12:08:29.500 - INFO: [logger.js:246:9] Http Server started.
2025-08-22 12:08:29.501 - INFO: [logger.js:246:9] Base URL -> http://localhost:8001
2025-08-22 12:08:29.502 - INFO: [logger.js:246:9] Namespace -> ::_8001_41440
2025-08-22 12:08:29.506 - DEBUG: [logger.js:246:9] database SQL file loaded.
2025-08-22 12:08:32.163 - DEBUG: [logger.js:246:9] POST /person/list3 requested
2025-08-22 12:08:32.163 - DEBUG: [logger.js:246:9] PARAMS -> {"name":"고영%"}
2025-08-22 12:08:32.200 - DEBUG: [logger.js:246:9] SQL -> select id, name, age, mobile
                from test.person
                where name like '고영%'
2025-08-22 12:20:34.419 - INFO: [logger.js:246:9] service loader called.
2025-08-22 12:20:34.440 - INFO: [logger.js:246:9] controller loader called.
2025-08-22 12:20:34.441 - DEBUG: [logger.js:246:9] external_loader called.
2025-08-22 12:20:34.441 - DEBUG: [logger.js:246:9] No external configuration.
2025-08-22 12:20:34.768 - INFO: [logger.js:246:9] Http Server started.
2025-08-22 12:20:34.769 - INFO: [logger.js:246:9] Base URL -> http://localhost:8001
2025-08-22 12:20:34.770 - INFO: [logger.js:246:9] Namespace -> ::_8001_33056
2025-08-22 12:20:34.774 - DEBUG: [logger.js:246:9] database SQL file loaded.
2025-08-22 12:20:51.195 - DEBUG: [logger.js:246:9] POST /person/list2 requested
2025-08-22 12:20:51.196 - DEBUG: [logger.js:246:9] PARAMS -> {"name":"고영%"}
2025-08-22 12:20:51.234 - DEBUG: [logger.js:246:9] SQL -> select id, name, age, mobile
                from test.person
                where name like '고영%'
2025-08-22 14:17:32.796 - INFO: [logger.js:246:9] service loader called.
2025-08-22 14:17:32.815 - INFO: [logger.js:246:9] controller loader called.
2025-08-22 14:17:32.815 - DEBUG: [logger.js:246:9] external_loader called.
2025-08-22 14:17:32.816 - DEBUG: [logger.js:246:9] No external configuration.
2025-08-22 14:17:33.135 - INFO: [logger.js:246:9] Http Server started.
2025-08-22 14:17:33.136 - INFO: [logger.js:246:9] Base URL -> http://localhost:8001
2025-08-22 14:17:33.137 - INFO: [logger.js:246:9] Namespace -> ::_8001_11016
2025-08-22 14:17:33.143 - DEBUG: [logger.js:246:9] database SQL file loaded.
2025-08-22 14:18:47.664 - INFO: [logger.js:246:9] service loader called.
2025-08-22 14:18:47.683 - INFO: [logger.js:246:9] controller loader called.
2025-08-22 14:18:47.684 - DEBUG: [logger.js:246:9] external_loader called.
2025-08-22 14:18:47.684 - DEBUG: [logger.js:246:9] No external configuration.
2025-08-22 14:18:47.988 - INFO: [logger.js:246:9] Http Server started.
2025-08-22 14:18:47.989 - INFO: [logger.js:246:9] Base URL -> http://localhost:8001
2025-08-22 14:18:47.989 - INFO: [logger.js:246:9] Namespace -> ::_8001_29676
2025-08-22 14:18:47.994 - DEBUG: [logger.js:246:9] database SQL file loaded.
2025-08-22 14:20:29.760 - DEBUG: [logger.js:246:9] Customer::listAll 호출됨.
2025-08-22 14:20:29.762 - DEBUG: [logger.js:246:9] POST /customer/v1/list-all requested
2025-08-22 14:20:29.762 - DEBUG: [logger.js:246:9] PARAMS -> {"name":"고영%"}
2025-08-22 14:20:29.803 - DEBUG: [logger.js:246:9] SQL -> select id, name, age, mobile
                from test.customer
2025-08-22 14:20:37.371 - DEBUG: [logger.js:246:9] Customer::listAll 호출됨.
2025-08-22 14:20:37.372 - DEBUG: [logger.js:246:9] POST /customer/v1/list-all requested
2025-08-22 14:20:37.372 - DEBUG: [logger.js:246:9] PARAMS -> {}
2025-08-22 14:20:37.374 - DEBUG: [logger.js:246:9] SQL -> select id, name, age, mobile
                from test.customer
2025-08-22 14:28:05.881 - INFO: [logger.js:246:9] service loader called.
2025-08-22 14:28:05.901 - INFO: [logger.js:246:9] controller loader called.
2025-08-22 14:28:05.901 - DEBUG: [logger.js:246:9] external_loader called.
2025-08-22 14:28:05.902 - DEBUG: [logger.js:246:9] No external configuration.
2025-08-22 14:28:06.208 - INFO: [logger.js:246:9] Http Server started.
2025-08-22 14:28:06.209 - INFO: [logger.js:246:9] Base URL -> http://localhost:8001
2025-08-22 14:28:06.209 - INFO: [logger.js:246:9] Namespace -> ::_8001_24196
2025-08-22 14:28:06.215 - DEBUG: [logger.js:246:9] database SQL file loaded.
2025-08-22 14:28:23.617 - DEBUG: [logger.js:246:9] Customer::list 호출됨.
2025-08-22 14:28:23.619 - DEBUG: [logger.js:246:9] POST /customer/v1/list requested
2025-08-22 14:28:23.619 - DEBUG: [logger.js:246:9] PARAMS -> {"page":"1","perPage":"2"}
2025-08-22 14:30:29.389 - INFO: [logger.js:246:9] service loader called.
2025-08-22 14:30:29.410 - INFO: [logger.js:246:9] controller loader called.
2025-08-22 14:30:29.410 - DEBUG: [logger.js:246:9] external_loader called.
2025-08-22 14:30:29.410 - DEBUG: [logger.js:246:9] No external configuration.
2025-08-22 14:30:29.713 - INFO: [logger.js:246:9] Http Server started.
2025-08-22 14:30:29.713 - INFO: [logger.js:246:9] Base URL -> http://localhost:8001
2025-08-22 14:30:29.714 - INFO: [logger.js:246:9] Namespace -> ::_8001_12408
2025-08-22 14:30:29.719 - DEBUG: [logger.js:246:9] database SQL file loaded.
2025-08-22 14:30:32.575 - DEBUG: [logger.js:246:9] Customer::list 호출됨.
2025-08-22 14:30:32.576 - DEBUG: [logger.js:246:9] POST /customer/v1/list requested
2025-08-22 14:30:32.577 - DEBUG: [logger.js:246:9] PARAMS -> {"page":"1","perPage":"2"}
2025-08-22 14:31:42.050 - INFO: [logger.js:246:9] service loader called.
2025-08-22 14:31:42.069 - INFO: [logger.js:246:9] controller loader called.
2025-08-22 14:31:42.070 - DEBUG: [logger.js:246:9] external_loader called.
2025-08-22 14:31:42.070 - DEBUG: [logger.js:246:9] No external configuration.
2025-08-22 14:31:42.384 - INFO: [logger.js:246:9] Http Server started.
2025-08-22 14:31:42.384 - INFO: [logger.js:246:9] Base URL -> http://localhost:8001
2025-08-22 14:31:42.385 - INFO: [logger.js:246:9] Namespace -> ::_8001_1536
2025-08-22 14:31:42.390 - DEBUG: [logger.js:246:9] database SQL file loaded.
2025-08-22 14:31:45.341 - DEBUG: [logger.js:246:9] Customer::list 호출됨.
2025-08-22 14:33:10.313 - INFO: [logger.js:246:9] service loader called.
2025-08-22 14:33:10.333 - INFO: [logger.js:246:9] controller loader called.
2025-08-22 14:33:10.334 - DEBUG: [logger.js:246:9] external_loader called.
2025-08-22 14:33:10.334 - DEBUG: [logger.js:246:9] No external configuration.
2025-08-22 14:33:10.641 - INFO: [logger.js:246:9] Http Server started.
2025-08-22 14:33:10.642 - INFO: [logger.js:246:9] Base URL -> http://localhost:8001
2025-08-22 14:33:10.642 - INFO: [logger.js:246:9] Namespace -> ::_8001_25004
2025-08-22 14:33:10.647 - DEBUG: [logger.js:246:9] database SQL file loaded.
2025-08-22 14:33:13.774 - DEBUG: [logger.js:246:9] Customer::list 호출됨.
2025-08-22 14:33:13.775 - DEBUG: [logger.js:246:9] POST /customer/v1/list requested
2025-08-22 14:33:13.776 - DEBUG: [logger.js:246:9] PARAMS -> {"page":"1","perPage":"2"}
2025-08-22 14:33:29.875 - DEBUG: [logger.js:246:9] Customer::listAll 호출됨.
2025-08-22 14:33:29.875 - DEBUG: [logger.js:246:9] POST /customer/v1/read requested
2025-08-22 14:33:29.876 - DEBUG: [logger.js:246:9] PARAMS -> {"page":"1","perPage":"2"}
2025-08-22 14:33:29.910 - DEBUG: [logger.js:246:9] SQL -> select id, name, age, mobile
                from test.customer
                where id = :ID
2025-08-22 14:33:29.911 - DEBUG: [logger.js:246:9] Error in executing SQL -> Error: ER_PARSE_ERROR: You have an error in your SQL syntax; check the manual that corresponds to your MariaDB server version for the right syntax to use near ':ID' at line 3
2025-08-22 14:40:17.162 - DEBUG: [logger.js:246:9] POST /person/list2 requested
2025-08-22 14:40:17.163 - DEBUG: [logger.js:246:9] PARAMS -> {"page":"1","perPage":"2"}
2025-08-22 14:40:17.165 - DEBUG: [logger.js:246:9] SQL -> select id, name, age, mobile
                from test.person
                where name like :NAME
2025-08-22 14:40:17.165 - DEBUG: [logger.js:246:9] Error in executing SQL -> Error: ER_PARSE_ERROR: You have an error in your SQL syntax; check the manual that corresponds to your MariaDB server version for the right syntax to use near ':NAME' at line 3
2025-08-22 14:40:58.521 - DEBUG: [logger.js:246:9] POST /person/list2 requested
2025-08-22 14:40:58.521 - DEBUG: [logger.js:246:9] PARAMS -> {}
2025-08-22 14:40:58.524 - DEBUG: [logger.js:246:9] SQL -> select id, name, age, mobile
                from test.person
                where name like :NAME
2025-08-22 14:40:58.524 - DEBUG: [logger.js:246:9] Error in executing SQL -> Error: ER_PARSE_ERROR: You have an error in your SQL syntax; check the manual that corresponds to your MariaDB server version for the right syntax to use near ':NAME' at line 3
2025-08-22 14:41:38.324 - DEBUG: [logger.js:246:9] POST /person/list2 requested
2025-08-22 14:41:38.325 - DEBUG: [logger.js:246:9] PARAMS -> {}
2025-08-22 14:41:38.326 - DEBUG: [logger.js:246:9] SQL -> select id, name, age, mobile
                from test.person
                where name like :NAME
2025-08-22 14:41:38.327 - DEBUG: [logger.js:246:9] Error in executing SQL -> Error: ER_PARSE_ERROR: You have an error in your SQL syntax; check the manual that corresponds to your MariaDB server version for the right syntax to use near ':NAME' at line 3
2025-08-22 14:41:43.370 - INFO: [logger.js:246:9] service loader called.
2025-08-22 14:41:43.390 - INFO: [logger.js:246:9] controller loader called.
2025-08-22 14:41:43.390 - DEBUG: [logger.js:246:9] external_loader called.
2025-08-22 14:41:43.390 - DEBUG: [logger.js:246:9] No external configuration.
2025-08-22 14:41:43.708 - INFO: [logger.js:246:9] Http Server started.
2025-08-22 14:41:43.708 - INFO: [logger.js:246:9] Base URL -> http://localhost:8001
2025-08-22 14:41:43.709 - INFO: [logger.js:246:9] Namespace -> ::_8001_35456
2025-08-22 14:41:43.716 - DEBUG: [logger.js:246:9] database SQL file loaded.
2025-08-22 14:41:45.555 - DEBUG: [logger.js:246:9] POST /person/list2 requested
2025-08-22 14:41:45.556 - DEBUG: [logger.js:246:9] PARAMS -> {}
2025-08-22 14:41:45.587 - DEBUG: [logger.js:246:9] SQL -> select id, name, age, mobile
                from test.person
                where name like :NAME
2025-08-22 14:41:45.587 - DEBUG: [logger.js:246:9] Error in executing SQL -> Error: ER_PARSE_ERROR: You have an error in your SQL syntax; check the manual that corresponds to your MariaDB server version for the right syntax to use near ':NAME' at line 3
2025-08-22 14:52:16.010 - INFO: [logger.js:246:9] service loader called.
2025-08-22 14:52:16.029 - INFO: [logger.js:246:9] controller loader called.
2025-08-22 14:52:16.030 - DEBUG: [logger.js:246:9] external_loader called.
2025-08-22 14:52:16.030 - DEBUG: [logger.js:246:9] No external configuration.
2025-08-22 14:52:16.350 - INFO: [logger.js:246:9] Http Server started.
2025-08-22 14:52:16.351 - INFO: [logger.js:246:9] Base URL -> http://localhost:8001
2025-08-22 14:52:16.352 - INFO: [logger.js:246:9] Namespace -> ::_8001_40504
2025-08-22 14:52:16.357 - DEBUG: [logger.js:246:9] database SQL file loaded.
2025-08-22 14:52:30.213 - DEBUG: [logger.js:246:9] Customer::list 호출됨.
2025-08-22 14:58:06.464 - INFO: [logger.js:246:9] service loader called.
2025-08-22 14:58:06.485 - INFO: [logger.js:246:9] controller loader called.
2025-08-22 14:58:06.486 - DEBUG: [logger.js:246:9] external_loader called.
2025-08-22 14:58:06.486 - DEBUG: [logger.js:246:9] No external configuration.
2025-08-22 14:58:06.795 - INFO: [logger.js:246:9] Http Server started.
2025-08-22 14:58:06.796 - INFO: [logger.js:246:9] Base URL -> http://localhost:8001
2025-08-22 14:58:06.797 - INFO: [logger.js:246:9] Namespace -> ::_8001_9452
2025-08-22 14:58:06.802 - DEBUG: [logger.js:246:9] database SQL file loaded.
2025-08-22 14:58:10.343 - DEBUG: [logger.js:246:9] Customer::listAll 호출됨.
2025-08-22 14:58:10.345 - DEBUG: [logger.js:246:9] POST /customer/v1/list-all requested
2025-08-22 14:58:10.345 - DEBUG: [logger.js:246:9] PARAMS -> {}
2025-08-22 14:58:10.380 - DEBUG: [logger.js:246:9] SQL -> select id, name, age, mobile
                from test.customer
2025-08-22 14:58:15.197 - DEBUG: [logger.js:246:9] Customer::list 호출됨.
2025-08-22 14:58:15.197 - DEBUG: [logger.js:246:9] POST /customer/v1/list requested
2025-08-22 14:58:15.198 - DEBUG: [logger.js:246:9] PARAMS -> {}
2025-08-22 14:58:15.208 - DEBUG: [logger.js:246:9] SQL -> select count(*) as total
                from test.customer
2025-08-22 14:58:15.210 - DEBUG: [logger.js:246:9] SQL -> select id, name, age, mobile
                from test.customer
2025-08-22 14:58:38.688 - DEBUG: [logger.js:246:9] Customer::read 호출됨.
2025-08-22 14:58:38.689 - DEBUG: [logger.js:246:9] POST /customer/v1/read requested
2025-08-22 14:58:38.689 - DEBUG: [logger.js:246:9] PARAMS -> {}
2025-08-22 14:58:38.691 - DEBUG: [logger.js:246:9] SQL -> select id, name, age, mobile
                from test.customer
                where id = :ID
2025-08-22 14:58:38.692 - DEBUG: [logger.js:246:9] Error in executing SQL -> Error: ER_PARSE_ERROR: You have an error in your SQL syntax; check the manual that corresponds to your MariaDB server version for the right syntax to use near ':ID' at line 3
2025-08-22 14:58:44.327 - DEBUG: [logger.js:246:9] Customer::read 호출됨.
2025-08-22 14:58:44.328 - DEBUG: [logger.js:246:9] POST /customer/v1/read requested
2025-08-22 14:58:44.328 - DEBUG: [logger.js:246:9] PARAMS -> {"id":"1"}
2025-08-22 14:58:44.333 - DEBUG: [logger.js:246:9] SQL -> select id, name, age, mobile
                from test.customer
                where id = '1'
2025-08-22 14:59:23.392 - DEBUG: [logger.js:246:9] Customer::add 호출됨.
2025-08-22 14:59:23.393 - DEBUG: [logger.js:246:9] POST /customer/v1/add requested
2025-08-22 14:59:23.393 - DEBUG: [logger.js:246:9] PARAMS -> {"name":"고영준","age":"25","mobile":"010-4041-7802"}
2025-08-22 14:59:23.403 - DEBUG: [logger.js:246:9] SQL -> insert into test.customer(name, age, mobile)
                values
                ('고영준', '25', '010-4041-7802')
2025-08-22 15:00:11.730 - DEBUG: [logger.js:246:9] Customer::modify 호출됨.
2025-08-22 15:00:11.731 - DEBUG: [logger.js:246:9] POST /customer/v1/modify requested
2025-08-22 15:00:11.731 - DEBUG: [logger.js:246:9] PARAMS -> {"name":"고영준","age":"25","mobile":"010-4041-7802","id":"1"}
2025-08-22 15:00:11.740 - DEBUG: [logger.js:246:9] SQL -> update test.customer 
                set name = '고영준',
                    age = '25',
                    mobile = '010-4041-7802'
                where id = '1'
2025-08-22 15:00:42.564 - DEBUG: [logger.js:246:9] Customer::remove 호출됨.
2025-08-22 15:00:42.564 - DEBUG: [logger.js:246:9] POST /customer/v1/remove requested
2025-08-22 15:00:42.565 - DEBUG: [logger.js:246:9] PARAMS -> {"id":"1"}
2025-08-22 15:00:42.569 - DEBUG: [logger.js:246:9] SQL -> delete from test.customer
                where id = '1'
2025-08-22 15:33:06.330 - DEBUG: [logger.js:246:9] Customer::listAll 호출됨.
2025-08-22 15:33:06.335 - DEBUG: [logger.js:246:9] POST /customer/v1/list-all requested
2025-08-22 15:33:06.335 - DEBUG: [logger.js:246:9] PARAMS -> {}
2025-08-22 15:33:06.385 - DEBUG: [logger.js:246:9] SQL -> select id, name, age, mobile
                from test.customer
2025-08-22 15:34:22.435 - DEBUG: [logger.js:246:9] Customer::listAll 호출됨.
2025-08-22 15:34:22.436 - DEBUG: [logger.js:246:9] POST /customer/v1/list-all requested
2025-08-22 15:34:22.437 - DEBUG: [logger.js:246:9] PARAMS -> {}
2025-08-22 15:34:22.441 - DEBUG: [logger.js:246:9] SQL -> select id, name, age, mobile
                from test.customer
2025-08-22 15:34:24.155 - DEBUG: [logger.js:246:9] Customer::listAll 호출됨.
2025-08-22 15:34:24.156 - DEBUG: [logger.js:246:9] POST /customer/v1/list-all requested
2025-08-22 15:34:24.157 - DEBUG: [logger.js:246:9] PARAMS -> {}
2025-08-22 15:34:24.167 - DEBUG: [logger.js:246:9] SQL -> select id, name, age, mobile
                from test.customer
2025-08-22 15:34:27.997 - DEBUG: [logger.js:246:9] Customer::listAll 호출됨.
2025-08-22 15:34:27.998 - DEBUG: [logger.js:246:9] POST /customer/v1/list-all requested
2025-08-22 15:34:27.998 - DEBUG: [logger.js:246:9] PARAMS -> {}
2025-08-22 15:34:28.000 - DEBUG: [logger.js:246:9] SQL -> select id, name, age, mobile
                from test.customer
2025-08-22 15:34:32.271 - DEBUG: [logger.js:246:9] Customer::listAll 호출됨.
2025-08-22 15:34:32.272 - DEBUG: [logger.js:246:9] POST /customer/v1/list-all requested
2025-08-22 15:34:32.272 - DEBUG: [logger.js:246:9] PARAMS -> {}
2025-08-22 15:34:32.277 - DEBUG: [logger.js:246:9] SQL -> select id, name, age, mobile
                from test.customer
2025-08-22 15:35:41.238 - DEBUG: [logger.js:246:9] Customer::listAll 호출됨.
2025-08-22 15:35:41.238 - DEBUG: [logger.js:246:9] POST /customer/v1/list-all requested
2025-08-22 15:35:41.239 - DEBUG: [logger.js:246:9] PARAMS -> {}
2025-08-22 15:35:41.242 - DEBUG: [logger.js:246:9] SQL -> select id, name, age, mobile
                from test.customer
2025-08-22 15:35:54.488 - DEBUG: [logger.js:246:9] Customer::listAll 호출됨.
2025-08-22 15:35:54.489 - DEBUG: [logger.js:246:9] POST /customer/v1/list-all requested
2025-08-22 15:35:54.489 - DEBUG: [logger.js:246:9] PARAMS -> {}
2025-08-22 15:35:54.491 - DEBUG: [logger.js:246:9] SQL -> select id, name, age, mobile
                from test.customer
2025-08-22 15:35:58.713 - DEBUG: [logger.js:246:9] Customer::listAll 호출됨.
2025-08-22 15:35:58.714 - DEBUG: [logger.js:246:9] POST /customer/v1/list-all requested
2025-08-22 15:35:58.714 - DEBUG: [logger.js:246:9] PARAMS -> {}
2025-08-22 15:35:58.716 - DEBUG: [logger.js:246:9] SQL -> select id, name, age, mobile
                from test.customer
2025-08-22 15:36:31.759 - DEBUG: [logger.js:246:9] Customer::listAll 호출됨.
2025-08-22 15:36:31.759 - DEBUG: [logger.js:246:9] POST /customer/v1/list-all requested
2025-08-22 15:36:31.760 - DEBUG: [logger.js:246:9] PARAMS -> {}
2025-08-22 15:36:31.768 - DEBUG: [logger.js:246:9] SQL -> select id, name, age, mobile
                from test.customer
2025-08-22 15:36:37.262 - DEBUG: [logger.js:246:9] Customer::listAll 호출됨.
2025-08-22 15:36:37.263 - DEBUG: [logger.js:246:9] POST /customer/v1/list-all requested
2025-08-22 15:36:37.263 - DEBUG: [logger.js:246:9] PARAMS -> {}
2025-08-22 15:36:37.265 - DEBUG: [logger.js:246:9] SQL -> select id, name, age, mobile
                from test.customer
2025-08-22 15:36:46.465 - DEBUG: [logger.js:246:9] Customer::listAll 호출됨.
2025-08-22 15:36:46.466 - DEBUG: [logger.js:246:9] POST /customer/v1/list-all requested
2025-08-22 15:36:46.466 - DEBUG: [logger.js:246:9] PARAMS -> {}
2025-08-22 15:36:46.468 - DEBUG: [logger.js:246:9] SQL -> select id, name, age, mobile
                from test.customer
2025-08-22 15:39:09.706 - DEBUG: [logger.js:246:9] Customer::listAll 호출됨.
2025-08-22 15:39:09.706 - DEBUG: [logger.js:246:9] POST /customer/v1/list-all requested
2025-08-22 15:39:09.706 - DEBUG: [logger.js:246:9] PARAMS -> {}
2025-08-22 15:39:09.710 - DEBUG: [logger.js:246:9] SQL -> select id, name, age, mobile
                from test.customer
2025-08-22 15:39:29.203 - DEBUG: [logger.js:246:9] Customer::listAll 호출됨.
2025-08-22 15:39:29.204 - DEBUG: [logger.js:246:9] POST /customer/v1/list-all requested
2025-08-22 15:39:29.204 - DEBUG: [logger.js:246:9] PARAMS -> {}
2025-08-22 15:39:29.207 - DEBUG: [logger.js:246:9] SQL -> select id, name, age, mobile
                from test.customer
2025-08-22 15:44:23.338 - DEBUG: [logger.js:246:9] Customer::listAll 호출됨.
2025-08-22 15:44:23.339 - DEBUG: [logger.js:246:9] POST /customer/v1/list-all requested
2025-08-22 15:44:23.341 - DEBUG: [logger.js:246:9] PARAMS -> {}
2025-08-22 15:44:23.345 - DEBUG: [logger.js:246:9] SQL -> select id, name, age, mobile
                from test.customer
2025-08-22 15:44:49.176 - DEBUG: [logger.js:246:9] Customer::add 호출됨.
2025-08-22 15:44:49.176 - DEBUG: [logger.js:246:9] POST /customer/v1/add requested
2025-08-22 15:44:49.178 - DEBUG: [logger.js:246:9] PARAMS -> {"name":"김철수","age":10,"mobile":"010-1234-1234"}
2025-08-22 15:44:49.198 - DEBUG: [logger.js:246:9] SQL -> insert into test.customer(name, age, mobile)
                values
                ('김철수', '10', '010-1234-1234')
2025-08-22 15:44:49.228 - DEBUG: [logger.js:246:9] Customer::listAll 호출됨.
2025-08-22 15:44:49.228 - DEBUG: [logger.js:246:9] POST /customer/v1/list-all requested
2025-08-22 15:44:49.229 - DEBUG: [logger.js:246:9] PARAMS -> {}
2025-08-22 15:44:49.231 - DEBUG: [logger.js:246:9] SQL -> select id, name, age, mobile
                from test.customer
2025-08-22 15:48:10.764 - DEBUG: [logger.js:246:9] Customer::listAll 호출됨.
2025-08-22 15:48:10.764 - DEBUG: [logger.js:246:9] POST /customer/v1/list-all requested
2025-08-22 15:48:10.765 - DEBUG: [logger.js:246:9] PARAMS -> {}
2025-08-22 15:48:10.767 - DEBUG: [logger.js:246:9] SQL -> select id, name, age, mobile
                from test.customer
